<?xml version="1.0" encoding="UTF-8"?>
<testsuite name="LibraryTest" tests="1" skipped="0" failures="0" errors="0" timestamp="2017-05-13T07:59:16" hostname="DESKTOP-F57ECLM" time="0.004">
  <properties/>
  <testcase name="testSomeLibraryMethod" classname="LibraryTest" time="0.004"/>
  <system-out><![CDATA[]]></system-out>
  <system-err><![CDATA[]]></system-err>
</testsuite>
